<?xml version="1.0" encoding="UTF-8"?>
<testsuite xmlns:xsi="http://www.w3.org/2001/XMLSchema-instance" xsi:noNamespaceSchemaLocation="https://maven.apache.org/surefire/maven-surefire-plugin/xsd/surefire-test-report.xsd" name="com.zachderhake.AppTest" time="0.012" tests="1" errors="0" skipped="0" failures="0">
  <properties>
    <property name="java.specification.version" value="23"/>
    <property name="sun.jnu.encoding" value="UTF-8"/>
    <property name="java.class.path" value="/Users/zachderhake/todolist2/target/test-classes:/Users/zachderhake/todolist2/target/classes:/Users/zachderhake/.m2/repository/junit/junit/4.11/junit-4.11.jar:/Users/zachderhake/.m2/repository/org/hamcrest/hamcrest-core/1.3/hamcrest-core-1.3.jar:/Users/zachderhake/.m2/repository/io/javalin/javalin/6.3.0/javalin-6.3.0.jar:/Users/zachderhake/.m2/repository/org/eclipse/jetty/jetty-server/11.0.23/jetty-server-11.0.23.jar:/Users/zachderhake/.m2/repository/org/eclipse/jetty/jetty-http/11.0.23/jetty-http-11.0.23.jar:/Users/zachderhake/.m2/repository/org/eclipse/jetty/jetty-util/11.0.23/jetty-util-11.0.23.jar:/Users/zachderhake/.m2/repository/org/eclipse/jetty/jetty-io/11.0.23/jetty-io-11.0.23.jar:/Users/zachderhake/.m2/repository/org/eclipse/jetty/toolchain/jetty-jakarta-servlet-api/5.0.2/jetty-jakarta-servlet-api-5.0.2.jar:/Users/zachderhake/.m2/repository/org/eclipse/jetty/websocket/websocket-jetty-server/11.0.23/websocket-jetty-server-11.0.23.jar:/Users/zachderhake/.m2/repository/org/eclipse/jetty/jetty-servlet/11.0.23/jetty-servlet-11.0.23.jar:/Users/zachderhake/.m2/repository/org/eclipse/jetty/jetty-security/11.0.23/jetty-security-11.0.23.jar:/Users/zachderhake/.m2/repository/org/eclipse/jetty/jetty-webapp/11.0.23/jetty-webapp-11.0.23.jar:/Users/zachderhake/.m2/repository/org/eclipse/jetty/jetty-xml/11.0.23/jetty-xml-11.0.23.jar:/Users/zachderhake/.m2/repository/org/eclipse/jetty/websocket/websocket-jetty-api/11.0.23/websocket-jetty-api-11.0.23.jar:/Users/zachderhake/.m2/repository/org/eclipse/jetty/websocket/websocket-jetty-common/11.0.23/websocket-jetty-common-11.0.23.jar:/Users/zachderhake/.m2/repository/org/eclipse/jetty/websocket/websocket-core-common/11.0.23/websocket-core-common-11.0.23.jar:/Users/zachderhake/.m2/repository/org/eclipse/jetty/websocket/websocket-servlet/11.0.23/websocket-servlet-11.0.23.jar:/Users/zachderhake/.m2/repository/org/eclipse/jetty/websocket/websocket-core-server/11.0.23/websocket-core-server-11.0.23.jar:/Users/zachderhake/.m2/repository/org/jetbrains/kotlin/kotlin-stdlib-jdk8/1.9.25/kotlin-stdlib-jdk8-1.9.25.jar:/Users/zachderhake/.m2/repository/org/jetbrains/kotlin/kotlin-stdlib/1.9.25/kotlin-stdlib-1.9.25.jar:/Users/zachderhake/.m2/repository/org/jetbrains/annotations/13.0/annotations-13.0.jar:/Users/zachderhake/.m2/repository/org/jetbrains/kotlin/kotlin-stdlib-jdk7/1.9.25/kotlin-stdlib-jdk7-1.9.25.jar:/Users/zachderhake/.m2/repository/org/slf4j/slf4j-api/2.0.16/slf4j-api-2.0.16.jar:/Users/zachderhake/.m2/repository/org/slf4j/slf4j-simple/2.0.16/slf4j-simple-2.0.16.jar:/Users/zachderhake/.m2/repository/com/fasterxml/jackson/core/jackson-databind/2.17.2/jackson-databind-2.17.2.jar:/Users/zachderhake/.m2/repository/com/fasterxml/jackson/core/jackson-annotations/2.17.2/jackson-annotations-2.17.2.jar:/Users/zachderhake/.m2/repository/com/fasterxml/jackson/core/jackson-core/2.17.2/jackson-core-2.17.2.jar:"/>
    <property name="java.vm.vendor" value="Homebrew"/>
    <property name="sun.arch.data.model" value="64"/>
    <property name="java.vendor.url" value="https://github.com/Homebrew/homebrew-core/issues"/>
    <property name="os.name" value="Mac OS X"/>
    <property name="java.vm.specification.version" value="23"/>
    <property name="sun.java.launcher" value="SUN_STANDARD"/>
    <property name="user.country" value="US"/>
    <property name="sun.boot.library.path" value="/opt/homebrew/Cellar/openjdk/23.0.1/libexec/openjdk.jdk/Contents/Home/lib"/>
    <property name="sun.java.command" value="/Users/zachderhake/todolist2/target/surefire/surefirebooter16573701096826403259.jar /Users/zachderhake/todolist2/target/surefire 2024-12-01T20-00-00_403-jvmRun1 surefire16839453626009337805tmp surefire_016645876991165216529tmp"/>
    <property name="http.nonProxyHosts" value="local|*.local|169.254/16|*.169.254/16"/>
    <property name="jdk.debug" value="release"/>
    <property name="surefire.test.class.path" value="/Users/zachderhake/todolist2/target/test-classes:/Users/zachderhake/todolist2/target/classes:/Users/zachderhake/.m2/repository/junit/junit/4.11/junit-4.11.jar:/Users/zachderhake/.m2/repository/org/hamcrest/hamcrest-core/1.3/hamcrest-core-1.3.jar:/Users/zachderhake/.m2/repository/io/javalin/javalin/6.3.0/javalin-6.3.0.jar:/Users/zachderhake/.m2/repository/org/eclipse/jetty/jetty-server/11.0.23/jetty-server-11.0.23.jar:/Users/zachderhake/.m2/repository/org/eclipse/jetty/jetty-http/11.0.23/jetty-http-11.0.23.jar:/Users/zachderhake/.m2/repository/org/eclipse/jetty/jetty-util/11.0.23/jetty-util-11.0.23.jar:/Users/zachderhake/.m2/repository/org/eclipse/jetty/jetty-io/11.0.23/jetty-io-11.0.23.jar:/Users/zachderhake/.m2/repository/org/eclipse/jetty/toolchain/jetty-jakarta-servlet-api/5.0.2/jetty-jakarta-servlet-api-5.0.2.jar:/Users/zachderhake/.m2/repository/org/eclipse/jetty/websocket/websocket-jetty-server/11.0.23/websocket-jetty-server-11.0.23.jar:/Users/zachderhake/.m2/repository/org/eclipse/jetty/jetty-servlet/11.0.23/jetty-servlet-11.0.23.jar:/Users/zachderhake/.m2/repository/org/eclipse/jetty/jetty-security/11.0.23/jetty-security-11.0.23.jar:/Users/zachderhake/.m2/repository/org/eclipse/jetty/jetty-webapp/11.0.23/jetty-webapp-11.0.23.jar:/Users/zachderhake/.m2/repository/org/eclipse/jetty/jetty-xml/11.0.23/jetty-xml-11.0.23.jar:/Users/zachderhake/.m2/repository/org/eclipse/jetty/websocket/websocket-jetty-api/11.0.23/websocket-jetty-api-11.0.23.jar:/Users/zachderhake/.m2/repository/org/eclipse/jetty/websocket/websocket-jetty-common/11.0.23/websocket-jetty-common-11.0.23.jar:/Users/zachderhake/.m2/repository/org/eclipse/jetty/websocket/websocket-core-common/11.0.23/websocket-core-common-11.0.23.jar:/Users/zachderhake/.m2/repository/org/eclipse/jetty/websocket/websocket-servlet/11.0.23/websocket-servlet-11.0.23.jar:/Users/zachderhake/.m2/repository/org/eclipse/jetty/websocket/websocket-core-server/11.0.23/websocket-core-server-11.0.23.jar:/Users/zachderhake/.m2/repository/org/jetbrains/kotlin/kotlin-stdlib-jdk8/1.9.25/kotlin-stdlib-jdk8-1.9.25.jar:/Users/zachderhake/.m2/repository/org/jetbrains/kotlin/kotlin-stdlib/1.9.25/kotlin-stdlib-1.9.25.jar:/Users/zachderhake/.m2/repository/org/jetbrains/annotations/13.0/annotations-13.0.jar:/Users/zachderhake/.m2/repository/org/jetbrains/kotlin/kotlin-stdlib-jdk7/1.9.25/kotlin-stdlib-jdk7-1.9.25.jar:/Users/zachderhake/.m2/repository/org/slf4j/slf4j-api/2.0.16/slf4j-api-2.0.16.jar:/Users/zachderhake/.m2/repository/org/slf4j/slf4j-simple/2.0.16/slf4j-simple-2.0.16.jar:/Users/zachderhake/.m2/repository/com/fasterxml/jackson/core/jackson-databind/2.17.2/jackson-databind-2.17.2.jar:/Users/zachderhake/.m2/repository/com/fasterxml/jackson/core/jackson-annotations/2.17.2/jackson-annotations-2.17.2.jar:/Users/zachderhake/.m2/repository/com/fasterxml/jackson/core/jackson-core/2.17.2/jackson-core-2.17.2.jar:"/>
    <property name="sun.cpu.endian" value="little"/>
    <property name="user.home" value="/Users/zachderhake"/>
    <property name="user.language" value="en"/>
    <property name="java.specification.vendor" value="Oracle Corporation"/>
    <property name="java.version.date" value="2024-10-15"/>
    <property name="java.home" value="/opt/homebrew/Cellar/openjdk/23.0.1/libexec/openjdk.jdk/Contents/Home"/>
    <property name="file.separator" value="/"/>
    <property name="basedir" value="/Users/zachderhake/todolist2"/>
    <property name="java.vm.compressedOopsMode" value="Zero based"/>
    <property name="line.separator" value="&#10;"/>
    <property name="java.vm.specification.vendor" value="Oracle Corporation"/>
    <property name="java.specification.name" value="Java Platform API Specification"/>
    <property name="apple.awt.application.name" value="ForkedBooter"/>
    <property name="surefire.real.class.path" value="/Users/zachderhake/todolist2/target/surefire/surefirebooter16573701096826403259.jar"/>
    <property name="sun.management.compiler" value="HotSpot 64-Bit Tiered Compilers"/>
    <property name="ftp.nonProxyHosts" value="local|*.local|169.254/16|*.169.254/16"/>
    <property name="java.runtime.version" value="23.0.1"/>
    <property name="user.name" value="zachderhake"/>
    <property name="stdout.encoding" value="UTF-8"/>
    <property name="path.separator" value=":"/>
    <property name="os.version" value="14.0"/>
    <property name="java.runtime.name" value="OpenJDK Runtime Environment"/>
    <property name="file.encoding" value="UTF-8"/>
    <property name="java.vm.name" value="OpenJDK 64-Bit Server VM"/>
    <property name="java.vendor.version" value="Homebrew"/>
    <property name="localRepository" value="/Users/zachderhake/.m2/repository"/>
    <property name="java.vendor.url.bug" value="https://github.com/Homebrew/homebrew-core/issues"/>
    <property name="java.io.tmpdir" value="/var/folders/zk/2y8b99r971v6ss_t6l6pnrfw0000gn/T/"/>
    <property name="java.version" value="23.0.1"/>
    <property name="user.dir" value="/Users/zachderhake/todolist2"/>
    <property name="os.arch" value="aarch64"/>
    <property name="java.vm.specification.name" value="Java Virtual Machine Specification"/>
    <property name="native.encoding" value="UTF-8"/>
    <property name="java.library.path" value="/Users/zachderhake/Library/Java/Extensions:/Library/Java/Extensions:/Network/Library/Java/Extensions:/System/Library/Java/Extensions:/usr/lib/java:."/>
    <property name="java.vm.info" value="mixed mode, sharing"/>
    <property name="stderr.encoding" value="UTF-8"/>
    <property name="java.vendor" value="Homebrew"/>
    <property name="java.vm.version" value="23.0.1"/>
    <property name="sun.io.unicode.encoding" value="UnicodeBig"/>
    <property name="socksNonProxyHosts" value="local|*.local|169.254/16|*.169.254/16"/>
    <property name="java.class.version" value="67.0"/>
  </properties>
  <testcase name="shouldAnswerWithTrue" classname="com.zachderhake.AppTest" time="0.001"/>
</testsuite>